<?xml version="1.0" encoding="UTF-8"?>
<!-- Generated by org.testng.reporters.JUnitXMLReporter -->
<testsuite ignored="1" hostname="LAPTOP-IKCSJ4JA" failures="0" tests="1" name="Default test" time="19.052" errors="0" timestamp="2022-06-09T16:26:11 IST">
  <testcase classname="mavendemo.HomePageTests" name="verifyTitleOfTheHomePage" time="18.997"/>
  <testcase classname="mavendemo.HomePageTests" name="verifyTitleOfHomePage" time="0.0">
    <ignored/>
  </testcase> <!-- verifyTitleOfHomePage -->
</testsuite> <!-- Default test -->
