<?xml version="1.0" encoding="UTF-8"?>
<testng-results ignored="1" total="2" passed="1" failed="0" skipped="0">
  <reporter-output>
  </reporter-output>
  <suite started-at="2022-06-09T16:25:52 IST" name="Default suite" finished-at="2022-06-09T16:26:11 IST" duration-ms="19052">
    <groups>
    </groups>
    <test started-at="2022-06-09T16:25:52 IST" name="Default test" finished-at="2022-06-09T16:26:11 IST" duration-ms="19052">
      <class name="mavendemo.HomePageTests">
        <test-method signature="verifyTitleOfTheHomePage()[pri:0, instance:mavendemo.HomePageTests@f736069]" started-at="2022-06-09T16:25:52 IST" name="verifyTitleOfTheHomePage" description="With FrameWork" finished-at="2022-06-09T16:26:11 IST" duration-ms="18997" status="PASS">
          <reporter-output>
          </reporter-output>
        </test-method> <!-- verifyTitleOfTheHomePage -->
      </class> <!-- mavendemo.HomePageTests -->
    </test> <!-- Default test -->
  </suite> <!-- Default suite -->
</testng-results>
